<?xml version="1.0" encoding="UTF-8"?>
<!-- Generated by org.testng.reporters.JUnitXMLReporter -->
<testsuite hostname="Dell-PC" ignored="18" name="Default test" tests="1" failures="1" timestamp="10 Jul 2018 23:34:36 GMT" time="56.438" errors="0">
  <testcase name="verifySubmitButtonWithFewMandatoryFieldsasBlank" time="41.259" classname="deltaXProject.testCases.RegistrationPageTestSuite">
    <failure type="org.openqa.selenium.WebDriverException" message="unknown error: Element &amp;lt;button type=&amp;quot;submit&amp;quot; class=&amp;quot;btn btn-warning&amp;quot; disabled=&amp;quot;disabled&amp;quot;&amp;gt;...&amp;lt;/button&amp;gt; is not clickable at point (634, 574). Other element would receive the click: &amp;lt;div class=&amp;quot;col-md-4&amp;quot;&amp;gt;...&amp;lt;/div&amp;gt;
  (Session info: chrome=67.0.3396.87)
  (Driver info: chromedriver=2.39.562718 (9a2698cba08cf5a471a29d30c8b3e12becabb0e9),platform=Windows NT 6.1.7601 SP1 x86_64) (WARNING: The server did not provide any stacktrace information)
Command duration or timeout: 0 milliseconds
Build info: version: &amp;apos;3.5.3&amp;apos;, revision: &amp;apos;a88d25fe6b&amp;apos;, time: &amp;apos;2017-08-29T12:42:44.417Z&amp;apos;
System info: host: &amp;apos;DELL-PC&amp;apos;, ip: &amp;apos;192.168.0.2&amp;apos;, os.name: &amp;apos;Windows 7&amp;apos;, os.arch: &amp;apos;amd64&amp;apos;, os.version: &amp;apos;6.1&amp;apos;, java.version: &amp;apos;1.8.0_151&amp;apos;
Driver info: org.openqa.selenium.chrome.ChromeDriver
Capabilities [{mobileEmulationEnabled=false, hasTouchScreen=false, platform=XP, acceptSslCerts=false, acceptInsecureCerts=false, webStorageEnabled=true, browserName=chrome, takesScreenshot=true, javascriptEnabled=true, platformName=XP, setWindowRect=true, unexpectedAlertBehaviour=, applicationCacheEnabled=false, rotatable=false, networkConnectionEnabled=false, chrome={chromedriverVersion=2.39.562718 (9a2698cba08cf5a471a29d30c8b3e12becabb0e9), userDataDir=C:\Users\Dell\AppData\Local\Temp\scoped_dir9508_27586}, takesHeapSnapshot=true, pageLoadStrategy=normal, unhandledPromptBehavior=, databaseEnabled=false, handlesAlerts=true, version=67.0.3396.87, browserConnectionEnabled=false, nativeEvents=true, locationContextEnabled=true, cssSelectorsEnabled=true}]
Session ID: 56cd1243209963b6726ce9213e1508f1">
      <![CDATA[org.openqa.selenium.WebDriverException: unknown error: Element <button type="submit" class="btn btn-warning" disabled="disabled">...</button> is not clickable at point (634, 574). Other element would receive the click: <div class="col-md-4">...</div>
  (Session info: chrome=67.0.3396.87)
  (Driver info: chromedriver=2.39.562718 (9a2698cba08cf5a471a29d30c8b3e12becabb0e9),platform=Windows NT 6.1.7601 SP1 x86_64) (WARNING: The server did not provide any stacktrace information)
Command duration or timeout: 0 milliseconds
Build info: version: '3.5.3', revision: 'a88d25fe6b', time: '2017-08-29T12:42:44.417Z'
System info: host: 'DELL-PC', ip: '192.168.0.2', os.name: 'Windows 7', os.arch: 'amd64', os.version: '6.1', java.version: '1.8.0_151'
Driver info: org.openqa.selenium.chrome.ChromeDriver
Capabilities [{mobileEmulationEnabled=false, hasTouchScreen=false, platform=XP, acceptSslCerts=false, acceptInsecureCerts=false, webStorageEnabled=true, browserName=chrome, takesScreenshot=true, javascriptEnabled=true, platformName=XP, setWindowRect=true, unexpectedAlertBehaviour=, applicationCacheEnabled=false, rotatable=false, networkConnectionEnabled=false, chrome={chromedriverVersion=2.39.562718 (9a2698cba08cf5a471a29d30c8b3e12becabb0e9), userDataDir=C:\Users\Dell\AppData\Local\Temp\scoped_dir9508_27586}, takesHeapSnapshot=true, pageLoadStrategy=normal, unhandledPromptBehavior=, databaseEnabled=false, handlesAlerts=true, version=67.0.3396.87, browserConnectionEnabled=false, nativeEvents=true, locationContextEnabled=true, cssSelectorsEnabled=true}]
Session ID: 56cd1243209963b6726ce9213e1508f1
	at sun.reflect.NativeConstructorAccessorImpl.newInstance0(Native Method)
	at sun.reflect.NativeConstructorAccessorImpl.newInstance(Unknown Source)
	at sun.reflect.DelegatingConstructorAccessorImpl.newInstance(Unknown Source)
	at java.lang.reflect.Constructor.newInstance(Unknown Source)
	at org.openqa.selenium.remote.ErrorHandler.createThrowable(ErrorHandler.java:215)
	at org.openqa.selenium.remote.ErrorHandler.throwIfResponseFailed(ErrorHandler.java:167)
	at org.openqa.selenium.remote.http.JsonHttpResponseCodec.reconstructValue(JsonHttpResponseCodec.java:40)
	at org.openqa.selenium.remote.http.AbstractHttpResponseCodec.decode(AbstractHttpResponseCodec.java:82)
	at org.openqa.selenium.remote.http.AbstractHttpResponseCodec.decode(AbstractHttpResponseCodec.java:45)
	at org.openqa.selenium.remote.HttpCommandExecutor.execute(HttpCommandExecutor.java:164)
	at org.openqa.selenium.remote.service.DriverCommandExecutor.execute(DriverCommandExecutor.java:82)
	at org.openqa.selenium.remote.RemoteWebDriver.execute(RemoteWebDriver.java:646)
	at org.openqa.selenium.remote.RemoteWebElement.execute(RemoteWebElement.java:275)
	at org.openqa.selenium.remote.RemoteWebElement.click(RemoteWebElement.java:82)
	at sun.reflect.NativeMethodAccessorImpl.invoke0(Native Method)
	at sun.reflect.NativeMethodAccessorImpl.invoke(Unknown Source)
	at sun.reflect.DelegatingMethodAccessorImpl.invoke(Unknown Source)
	at java.lang.reflect.Method.invoke(Unknown Source)
	at org.openqa.selenium.support.events.EventFiringWebDriver$EventFiringWebElement$1.invoke(EventFiringWebDriver.java:350)
	at com.sun.proxy.$Proxy13.click(Unknown Source)
	at org.openqa.selenium.support.events.EventFiringWebDriver$EventFiringWebElement.click(EventFiringWebDriver.java:363)
	at sun.reflect.NativeMethodAccessorImpl.invoke0(Native Method)
	at sun.reflect.NativeMethodAccessorImpl.invoke(Unknown Source)
	at sun.reflect.DelegatingMethodAccessorImpl.invoke(Unknown Source)
	at java.lang.reflect.Method.invoke(Unknown Source)
	at org.openqa.selenium.support.pagefactory.internal.LocatingElementHandler.invoke(LocatingElementHandler.java:51)
	at com.sun.proxy.$Proxy12.click(Unknown Source)
	at deltaXProject.testCases.RegistrationPageTestSuite.verifySubmitButtonWithFewMandatoryFieldsasBlank(RegistrationPageTestSuite.java:213)
	at sun.reflect.NativeMethodAccessorImpl.invoke0(Native Method)
	at sun.reflect.NativeMethodAccessorImpl.invoke(Unknown Source)
	at sun.reflect.DelegatingMethodAccessorImpl.invoke(Unknown Source)
	at java.lang.reflect.Method.invoke(Unknown Source)
	at org.testng.internal.MethodInvocationHelper.invokeMethod(MethodInvocationHelper.java:108)
	at org.testng.internal.Invoker.invokeMethod(Invoker.java:661)
	at org.testng.internal.Invoker.invokeTestMethod(Invoker.java:869)
	at org.testng.internal.Invoker.invokeTestMethods(Invoker.java:1193)
	at org.testng.internal.TestMethodWorker.invokeTestMethods(TestMethodWorker.java:126)
	at org.testng.internal.TestMethodWorker.run(TestMethodWorker.java:109)
	at org.testng.TestRunner.privateRun(TestRunner.java:744)
	at org.testng.TestRunner.run(TestRunner.java:602)
	at org.testng.SuiteRunner.runTest(SuiteRunner.java:380)
	at org.testng.SuiteRunner.runSequentially(SuiteRunner.java:375)
	at org.testng.SuiteRunner.privateRun(SuiteRunner.java:340)
	at org.testng.SuiteRunner.run(SuiteRunner.java:289)
	at org.testng.SuiteRunnerWorker.runSuite(SuiteRunnerWorker.java:52)
	at org.testng.SuiteRunnerWorker.run(SuiteRunnerWorker.java:86)
	at org.testng.TestNG.runSuitesSequentially(TestNG.java:1301)
	at org.testng.TestNG.runSuitesLocally(TestNG.java:1226)
	at org.testng.TestNG.runSuites(TestNG.java:1144)
	at org.testng.TestNG.run(TestNG.java:1115)
	at org.testng.remote.AbstractRemoteTestNG.run(AbstractRemoteTestNG.java:114)
	at org.testng.remote.RemoteTestNG.initAndRun(RemoteTestNG.java:251)
	at org.testng.remote.RemoteTestNG.main(RemoteTestNG.java:77)
]]>
    </failure>
  </testcase> <!-- verifySubmitButtonWithFewMandatoryFieldsasBlank -->
  <testcase name="verifyEmailErrorBelow8Char" time="0.0" classname="deltaXProject.testCases.RegistrationPageTestSuite">
    <ignored/>
  </testcase> <!-- verifyEmailErrorBelow8Char -->
  <testcase name="verifyContactNoErrorBelow10Char" time="0.0" classname="deltaXProject.testCases.RegistrationPageTestSuite">
    <ignored/>
  </testcase> <!-- verifyContactNoErrorBelow10Char -->
  <testcase name="verifyConfirmPasswordErrorBelow8Char" time="0.0" classname="deltaXProject.testCases.RegistrationPageTestSuite">
    <ignored/>
  </testcase> <!-- verifyConfirmPasswordErrorBelow8Char -->
  <testcase name="verifySubmitButtonWithAllFieldsWithValidValues" time="0.0" classname="deltaXProject.testCases.RegistrationPageTestSuite">
    <ignored/>
  </testcase> <!-- verifySubmitButtonWithAllFieldsWithValidValues -->
  <testcase name="verifyFirstNameErrorBelow2Char" time="0.0" classname="deltaXProject.testCases.RegistrationPageTestSuite">
    <ignored/>
  </testcase> <!-- verifyFirstNameErrorBelow2Char -->
  <testcase name="verifySubmitButtonWithNonMandatoryFieldsasBlanks" time="0.0" classname="deltaXProject.testCases.RegistrationPageTestSuite">
    <ignored/>
  </testcase> <!-- verifySubmitButtonWithNonMandatoryFieldsasBlanks -->
  <testcase name="verifyPasswordandConfirmPassword" time="0.0" classname="deltaXProject.testCases.RegistrationPageTestSuite">
    <ignored/>
  </testcase> <!-- verifyPasswordandConfirmPassword -->
  <testcase name="verifyPasswordErrorBelow8Char" time="0.0" classname="deltaXProject.testCases.RegistrationPageTestSuite">
    <ignored/>
  </testcase> <!-- verifyPasswordErrorBelow8Char -->
  <testcase name="verifyUserNameErrorClearingTheText" time="0.0" classname="deltaXProject.testCases.RegistrationPageTestSuite">
    <ignored/>
  </testcase> <!-- verifyUserNameErrorClearingTheText -->
  <testcase name="verifyEmailErrorClearingTheText" time="0.0" classname="deltaXProject.testCases.RegistrationPageTestSuite">
    <ignored/>
  </testcase> <!-- verifyEmailErrorClearingTheText -->
  <testcase name="verifyPasswordErrorClearingTheText" time="0.0" classname="deltaXProject.testCases.RegistrationPageTestSuite">
    <ignored/>
  </testcase> <!-- verifyPasswordErrorClearingTheText -->
  <testcase name="verifyUserNameErrorBelow8Char" time="0.0" classname="deltaXProject.testCases.RegistrationPageTestSuite">
    <ignored/>
  </testcase> <!-- verifyUserNameErrorBelow8Char -->
  <testcase name="verifyConfirmPasswordErrorClearingTheText" time="0.0" classname="deltaXProject.testCases.RegistrationPageTestSuite">
    <ignored/>
  </testcase> <!-- verifyConfirmPasswordErrorClearingTheText -->
  <testcase name="verifyContactNo" time="0.0" classname="deltaXProject.testCases.RegistrationPageTestSuite">
    <ignored/>
  </testcase> <!-- verifyContactNo -->
  <testcase name="verifyFirstNameErrorClearingTheText" time="0.0" classname="deltaXProject.testCases.RegistrationPageTestSuite">
    <ignored/>
  </testcase> <!-- verifyFirstNameErrorClearingTheText -->
  <testcase name="verifyLastNameErrorClearingTheText" time="0.0" classname="deltaXProject.testCases.RegistrationPageTestSuite">
    <ignored/>
  </testcase> <!-- verifyLastNameErrorClearingTheText -->
  <testcase name="verifyEmail" time="0.0" classname="deltaXProject.testCases.RegistrationPageTestSuite">
    <ignored/>
  </testcase> <!-- verifyEmail -->
  <testcase name="verifyLastNameErrorBelow2Char" time="0.0" classname="deltaXProject.testCases.RegistrationPageTestSuite">
    <ignored/>
  </testcase> <!-- verifyLastNameErrorBelow2Char -->
</testsuite> <!-- Default test -->
